<?xml version="1.0" encoding="UTF-8"?>
<!-- Generated by org.testng.reporters.JUnitReportReporter -->
<testsuite hostname="DESKTOP-7MK4EF7" failures="0" tests="50" name="performer.OverdueCount" time="4408.616" errors="2" timestamp="2023-06-01T23:27:08 IST" skipped="7">
  <testcase classname="performer.OverdueCount" name="Login" time="84.089">
    <error message="no such element: Unable to locate element: {&quot;method&quot;:&quot;xpath&quot;,&quot;selector&quot;:&quot;//input[@placeholder=&#039;Username&#039;]&quot;}
  (Session info: chrome=113.0.5672.127)
For documentation on this error, please visit: http://seleniumhq.org/exceptions/no_such_element.html
Build info: version: &#039;3.141.0&#039;, revision: &#039;2ecb7d9a&#039;, time: &#039;2018-10-31T20:09:30&#039;
System info: host: &#039;DESKTOP-7MK4EF7&#039;, ip: &#039;192.168.1.2&#039;, os.name: &#039;Windows 10&#039;, os.arch: &#039;amd64&#039;, os.version: &#039;10.0&#039;, java.version: &#039;17.0.5&#039;
Driver info: org.openqa.selenium.chrome.ChromeDriver
Capabilities {acceptInsecureCerts: false, browserName: chrome, browserVersion: 113.0.5672.127, chrome: {chromedriverVersion: 113.0.5672.63 (0e1a4471d5ae..., userDataDir: C:\Users\Mayuri\AppData\Loc...}, goog:chromeOptions: {debuggerAddress: localhost:55726}, javascriptEnabled: true, networkConnectionEnabled: false, pageLoadStrategy: normal, platform: WINDOWS, platformName: WINDOWS, proxy: Proxy(), setWindowRect: true, strictFileInteractability: false, timeouts: {implicit: 0, pageLoad: 300000, script: 30000}, unhandledPromptBehavior: dismiss and notify, webauthn:extension:credBlob: true, webauthn:extension:largeBlob: true, webauthn:extension:minPinLength: true, webauthn:extension:prf: true, webauthn:virtualAuthenticators: true}
Session ID: 055e3779a9d281ff8cf4a9ee681251e3
*** Element info: {Using=xpath, value=//input[@placeholder=&#039;Username&#039;]}" type="org.openqa.selenium.NoSuchElementException">
      <![CDATA[org.openqa.selenium.NoSuchElementException: no such element: Unable to locate element: {"method":"xpath","selector":"//input[@placeholder='Username']"}
  (Session info: chrome=113.0.5672.127)
For documentation on this error, please visit: http://seleniumhq.org/exceptions/no_such_element.html
Build info: version: '3.141.0', revision: '2ecb7d9a', time: '2018-10-31T20:09:30'
System info: host: 'DESKTOP-7MK4EF7', ip: '192.168.1.2', os.name: 'Windows 10', os.arch: 'amd64', os.version: '10.0', java.version: '17.0.5'
Driver info: org.openqa.selenium.chrome.ChromeDriver
Capabilities {acceptInsecureCerts: false, browserName: chrome, browserVersion: 113.0.5672.127, chrome: {chromedriverVersion: 113.0.5672.63 (0e1a4471d5ae..., userDataDir: C:\Users\Mayuri\AppData\Loc...}, goog:chromeOptions: {debuggerAddress: localhost:55726}, javascriptEnabled: true, networkConnectionEnabled: false, pageLoadStrategy: normal, platform: WINDOWS, platformName: WINDOWS, proxy: Proxy(), setWindowRect: true, strictFileInteractability: false, timeouts: {implicit: 0, pageLoad: 300000, script: 30000}, unhandledPromptBehavior: dismiss and notify, webauthn:extension:credBlob: true, webauthn:extension:largeBlob: true, webauthn:extension:minPinLength: true, webauthn:extension:prf: true, webauthn:virtualAuthenticators: true}
Session ID: 055e3779a9d281ff8cf4a9ee681251e3
*** Element info: {Using=xpath, value=//input[@placeholder='Username']}
at jdk.internal.reflect.GeneratedConstructorAccessor57.newInstance(Unknown Source)
at java.base/jdk.internal.reflect.DelegatingConstructorAccessorImpl.newInstance(DelegatingConstructorAccessorImpl.java:45)
at java.base/java.lang.reflect.Constructor.newInstanceWithCaller(Constructor.java:499)
at java.base/java.lang.reflect.Constructor.newInstance(Constructor.java:480)
at org.openqa.selenium.remote.http.W3CHttpResponseCodec.createException(W3CHttpResponseCodec.java:187)
at org.openqa.selenium.remote.http.W3CHttpResponseCodec.decode(W3CHttpResponseCodec.java:122)
at org.openqa.selenium.remote.http.W3CHttpResponseCodec.decode(W3CHttpResponseCodec.java:49)
at org.openqa.selenium.remote.HttpCommandExecutor.execute(HttpCommandExecutor.java:158)
at org.openqa.selenium.remote.service.DriverCommandExecutor.execute(DriverCommandExecutor.java:83)
at org.openqa.selenium.remote.RemoteWebDriver.execute(RemoteWebDriver.java:552)
at org.openqa.selenium.remote.RemoteWebDriver.findElement(RemoteWebDriver.java:323)
at org.openqa.selenium.remote.RemoteWebDriver.findElementByXPath(RemoteWebDriver.java:428)
at org.openqa.selenium.By$ByXPath.findElement(By.java:353)
at org.openqa.selenium.remote.RemoteWebDriver.findElement(RemoteWebDriver.java:315)
at login.LoginPOM.setUname(LoginPOM.java:21)
at login.Login.UserLogin(Login.java:95)
at performer.OverdueCount.Login(OverdueCount.java:106)
at jdk.internal.reflect.GeneratedMethodAccessor32.invoke(Unknown Source)
at java.base/jdk.internal.reflect.DelegatingMethodAccessorImpl.invoke(DelegatingMethodAccessorImpl.java:43)
at java.base/java.lang.reflect.Method.invoke(Method.java:568)
at org.testng.internal.MethodInvocationHelper.invokeMethod(MethodInvocationHelper.java:133)
at org.testng.internal.MethodInvocationHelper.invokeMethodConsideringTimeout(MethodInvocationHelper.java:62)
at org.testng.internal.ConfigInvoker.invokeConfigurationMethod(ConfigInvoker.java:385)
at org.testng.internal.ConfigInvoker.invokeConfigurations(ConfigInvoker.java:321)
at org.testng.internal.TestInvoker.runConfigMethods(TestInvoker.java:700)
at org.testng.internal.TestInvoker.invokeMethod(TestInvoker.java:527)
at org.testng.internal.TestInvoker.invokeTestMethod(TestInvoker.java:173)
at org.testng.internal.MethodRunner.runInSequence(MethodRunner.java:46)
at org.testng.internal.TestInvoker$MethodInvocationAgent.invoke(TestInvoker.java:824)
at org.testng.internal.TestInvoker.invokeTestMethods(TestInvoker.java:146)
at org.testng.internal.TestMethodWorker.invokeTestMethods(TestMethodWorker.java:146)
at org.testng.internal.TestMethodWorker.run(TestMethodWorker.java:128)
at java.base/java.util.ArrayList.forEach(ArrayList.java:1511)
at org.testng.TestRunner.privateRun(TestRunner.java:794)
at org.testng.TestRunner.run(TestRunner.java:596)
at org.testng.SuiteRunner.runTest(SuiteRunner.java:377)
at org.testng.SuiteRunner.runSequentially(SuiteRunner.java:371)
at org.testng.SuiteRunner.privateRun(SuiteRunner.java:332)
at org.testng.SuiteRunner.run(SuiteRunner.java:276)
at org.testng.SuiteRunnerWorker.runSuite(SuiteRunnerWorker.java:53)
at org.testng.SuiteRunnerWorker.run(SuiteRunnerWorker.java:96)
at org.testng.TestNG.runSuitesSequentially(TestNG.java:1212)
at org.testng.TestNG.runSuitesLocally(TestNG.java:1134)
at org.testng.TestNG.runSuites(TestNG.java:1063)
at org.testng.TestNG.run(TestNG.java:1031)
at org.testng.remote.AbstractRemoteTestNG.run(AbstractRemoteTestNG.java:115)
at org.testng.remote.RemoteTestNG.initAndRun(RemoteTestNG.java:251)
at org.testng.remote.RemoteTestNG.main(RemoteTestNG.java:77)
]]>
    </error>
  </testcase> <!-- Login -->
  <system-out/>
  <testcase classname="performer.OverdueCount" name="Upcoming_ComplianceStatutory" time="79.349"/>
  <system-out/>
  <testcase classname="performer.OverdueCount" name="Upcoming_ComplianceStatutoryCkeckView" time="86.533"/>
  <system-out/>
  <testcase classname="performer.OverdueCount" name="Upcoming_ComplianceInternal" time="78.042"/>
  <system-out/>
  <testcase classname="performer.OverdueCount" name="DashboardStatutoryOverdue" time="126.696"/>
  <system-out/>
  <testcase classname="performer.OverdueCount" name="DashboardInternalOverdue" time="151.413"/>
  <system-out/>
  <testcase classname="performer.OverdueCount" name="StatutoryOverdueMitigationplan" time="86.754"/>
  <system-out/>
  <testcase classname="performer.OverdueCount" name="StatutoryChecklistAction" time="194.169"/>
  <system-out/>
  <testcase classname="performer.OverdueCount" name="StatutoryChecklistBox" time="99.843"/>
  <system-out/>
  <testcase classname="performer.OverdueCount" name="StatutoryCheckListCBNotComplied" time="69.907"/>
  <system-out/>
  <testcase classname="performer.OverdueCount" name="InternalCheckListAction" time="183.145"/>
  <system-out/>
  <testcase classname="performer.OverdueCount" name="InternalCheckListCheckBox" time="97.164"/>
  <system-out/>
  <testcase classname="performer.OverdueCount" name="StatutoryCheckListMitigationP" time="74.197"/>
  <system-out/>
  <testcase classname="performer.OverdueCount" name="DashboardRejectStatutory" time="105.140"/>
  <system-out/>
  <testcase classname="performer.OverdueCount" name="DashboardRejectInternal" time="100.384"/>
  <system-out/>
  <testcase classname="performer.OverdueCount" name="DashboardPFRStatutory" time="49.258"/>
  <system-out/>
  <testcase classname="performer.OverdueCount" name="DashboardPFRInternal" time="65.595"/>
  <system-out/>
  <testcase classname="performer.OverdueCount" name="AssignedEventsSingle" time="48.018"/>
  <system-out/>
  <testcase classname="performer.OverdueCount" name="WorkspaceOverdueStatutory" time="90.998"/>
  <system-out/>
  <testcase classname="performer.OverdueCount" name="WorkspaceOverdueInternal" time="103.879"/>
  <system-out/>
  <testcase classname="performer.OverdueCount" name="DetailedReport" time="175.174"/>
  <system-out/>
  <testcase classname="performer.OverdueCount" name="DetailedReportStautau" time="86.784"/>
  <system-out/>
  <testcase classname="performer.OverdueCount" name="DetailedReportIn" time="167.717"/>
  <system-out/>
  <testcase classname="performer.OverdueCount" name="AssignmentReport" time="69.607"/>
  <system-out/>
  <testcase classname="performer.OverdueCount" name="TaskReport" time="101.442"/>
  <system-out/>
  <testcase classname="performer.OverdueCount" name="ComplianceRepository" time="49.263"/>
  <system-out/>
  <testcase classname="performer.OverdueCount" name="ComplianceDocumentsSat" time="169.208"/>
  <system-out/>
  <testcase classname="performer.OverdueCount" name="ComplianceDocumentsInter" time="174.972"/>
  <system-out/>
  <testcase classname="performer.OverdueCount" name="CriticalDocuments" time="95.116"/>
  <system-out/>
  <testcase classname="performer.OverdueCount" name="MyReminderStatutory" time="80.174"/>
  <system-out/>
  <testcase classname="performer.OverdueCount" name="MyReminderInternal" time="92.817"/>
  <system-out/>
  <testcase classname="performer.OverdueCount" name="ReviseCompliance" time="110.768"/>
  <system-out/>
  <testcase classname="performer.OverdueCount" name="ComplianceUpdateTask" time="82.850"/>
  <system-out/>
  <testcase classname="performer.OverdueCount" name="ComplianceUpdateTaskIn" time="88.655"/>
  <system-out/>
  <testcase classname="performer.OverdueCount" name="ComplianceEditSatTask" time="89.602"/>
  <system-out/>
  <testcase classname="performer.OverdueCount" name="ComplianceEditINTask" time="184.312"/>
  <system-out/>
  <testcase classname="performer.OverdueCount" name="PerformerTaskPerformUpcomingStatutory" time="93.089"/>
  <system-out/>
  <testcase classname="performer.OverdueCount" name="PerformerTaskPerformUpcomingInternal" time="87.547"/>
  <system-out/>
  <testcase classname="performer.OverdueCount" name="PerformerTaskPerformOverdueStatutory" time="129.535">
    <error message="no such element: Unable to locate element: {&quot;method&quot;:&quot;xpath&quot;,&quot;selector&quot;:&quot;//*[@id=&#039;vsTaskPerformer&#039;]/ul/li&quot;}
  (Session info: chrome=113.0.5672.127)
For documentation on this error, please visit: http://seleniumhq.org/exceptions/no_such_element.html
Build info: version: &#039;3.141.0&#039;, revision: &#039;2ecb7d9a&#039;, time: &#039;2018-10-31T20:09:30&#039;
System info: host: &#039;DESKTOP-7MK4EF7&#039;, ip: &#039;192.168.1.2&#039;, os.name: &#039;Windows 10&#039;, os.arch: &#039;amd64&#039;, os.version: &#039;10.0&#039;, java.version: &#039;17.0.5&#039;
Driver info: org.openqa.selenium.chrome.ChromeDriver
Capabilities {acceptInsecureCerts: false, browserName: chrome, browserVersion: 113.0.5672.127, chrome: {chromedriverVersion: 113.0.5672.63 (0e1a4471d5ae..., userDataDir: C:\Users\Mayuri\AppData\Loc...}, goog:chromeOptions: {debuggerAddress: localhost:55421}, javascriptEnabled: true, networkConnectionEnabled: false, pageLoadStrategy: normal, platform: WINDOWS, platformName: WINDOWS, proxy: Proxy(), setWindowRect: true, strictFileInteractability: false, timeouts: {implicit: 0, pageLoad: 300000, script: 30000}, unhandledPromptBehavior: dismiss and notify, webauthn:extension:credBlob: true, webauthn:extension:largeBlob: true, webauthn:extension:minPinLength: true, webauthn:extension:prf: true, webauthn:virtualAuthenticators: true}
Session ID: eea1c7c01e24127681309fdebd80892d
*** Element info: {Using=xpath, value=//*[@id=&#039;vsTaskPerformer&#039;]/ul/li}" type="org.openqa.selenium.NoSuchElementException">
      <![CDATA[org.openqa.selenium.NoSuchElementException: no such element: Unable to locate element: {"method":"xpath","selector":"//*[@id='vsTaskPerformer']/ul/li"}
  (Session info: chrome=113.0.5672.127)
For documentation on this error, please visit: http://seleniumhq.org/exceptions/no_such_element.html
Build info: version: '3.141.0', revision: '2ecb7d9a', time: '2018-10-31T20:09:30'
System info: host: 'DESKTOP-7MK4EF7', ip: '192.168.1.2', os.name: 'Windows 10', os.arch: 'amd64', os.version: '10.0', java.version: '17.0.5'
Driver info: org.openqa.selenium.chrome.ChromeDriver
Capabilities {acceptInsecureCerts: false, browserName: chrome, browserVersion: 113.0.5672.127, chrome: {chromedriverVersion: 113.0.5672.63 (0e1a4471d5ae..., userDataDir: C:\Users\Mayuri\AppData\Loc...}, goog:chromeOptions: {debuggerAddress: localhost:55421}, javascriptEnabled: true, networkConnectionEnabled: false, pageLoadStrategy: normal, platform: WINDOWS, platformName: WINDOWS, proxy: Proxy(), setWindowRect: true, strictFileInteractability: false, timeouts: {implicit: 0, pageLoad: 300000, script: 30000}, unhandledPromptBehavior: dismiss and notify, webauthn:extension:credBlob: true, webauthn:extension:largeBlob: true, webauthn:extension:minPinLength: true, webauthn:extension:prf: true, webauthn:virtualAuthenticators: true}
Session ID: eea1c7c01e24127681309fdebd80892d
*** Element info: {Using=xpath, value=//*[@id='vsTaskPerformer']/ul/li}
at jdk.internal.reflect.GeneratedConstructorAccessor57.newInstance(Unknown Source)
at java.base/jdk.internal.reflect.DelegatingConstructorAccessorImpl.newInstance(DelegatingConstructorAccessorImpl.java:45)
at java.base/java.lang.reflect.Constructor.newInstanceWithCaller(Constructor.java:499)
at java.base/java.lang.reflect.Constructor.newInstance(Constructor.java:480)
at org.openqa.selenium.remote.http.W3CHttpResponseCodec.createException(W3CHttpResponseCodec.java:187)
at org.openqa.selenium.remote.http.W3CHttpResponseCodec.decode(W3CHttpResponseCodec.java:122)
at org.openqa.selenium.remote.http.W3CHttpResponseCodec.decode(W3CHttpResponseCodec.java:49)
at org.openqa.selenium.remote.HttpCommandExecutor.execute(HttpCommandExecutor.java:158)
at org.openqa.selenium.remote.service.DriverCommandExecutor.execute(DriverCommandExecutor.java:83)
at org.openqa.selenium.remote.RemoteWebDriver.execute(RemoteWebDriver.java:552)
at org.openqa.selenium.remote.RemoteWebDriver.findElement(RemoteWebDriver.java:323)
at org.openqa.selenium.remote.RemoteWebDriver.findElementByXPath(RemoteWebDriver.java:428)
at org.openqa.selenium.By$ByXPath.findElement(By.java:353)
at org.openqa.selenium.remote.RemoteWebDriver.findElement(RemoteWebDriver.java:315)
at performer.OverduePOM.PerformReviewMsg(OverduePOM.java:2018)
at performer.MethodsPOM.PerformOverdueStatutory(MethodsPOM.java:3666)
at performer.OverdueCount.PerformerTaskPerformOverdueStatutory(OverdueCount.java:2122)
at java.base/jdk.internal.reflect.NativeMethodAccessorImpl.invoke0(Native Method)
at java.base/jdk.internal.reflect.NativeMethodAccessorImpl.invoke(NativeMethodAccessorImpl.java:77)
at java.base/jdk.internal.reflect.DelegatingMethodAccessorImpl.invoke(DelegatingMethodAccessorImpl.java:43)
at java.base/java.lang.reflect.Method.invoke(Method.java:568)
at org.testng.internal.MethodInvocationHelper.invokeMethod(MethodInvocationHelper.java:133)
at org.testng.internal.TestInvoker.invokeMethod(TestInvoker.java:598)
at org.testng.internal.TestInvoker.invokeTestMethod(TestInvoker.java:173)
at org.testng.internal.MethodRunner.runInSequence(MethodRunner.java:46)
at org.testng.internal.TestInvoker$MethodInvocationAgent.invoke(TestInvoker.java:824)
at org.testng.internal.TestInvoker.invokeTestMethods(TestInvoker.java:146)
at org.testng.internal.TestMethodWorker.invokeTestMethods(TestMethodWorker.java:146)
at org.testng.internal.TestMethodWorker.run(TestMethodWorker.java:128)
at java.base/java.util.ArrayList.forEach(ArrayList.java:1511)
at org.testng.TestRunner.privateRun(TestRunner.java:794)
at org.testng.TestRunner.run(TestRunner.java:596)
at org.testng.SuiteRunner.runTest(SuiteRunner.java:377)
at org.testng.SuiteRunner.runSequentially(SuiteRunner.java:371)
at org.testng.SuiteRunner.privateRun(SuiteRunner.java:332)
at org.testng.SuiteRunner.run(SuiteRunner.java:276)
at org.testng.SuiteRunnerWorker.runSuite(SuiteRunnerWorker.java:53)
at org.testng.SuiteRunnerWorker.run(SuiteRunnerWorker.java:96)
at org.testng.TestNG.runSuitesSequentially(TestNG.java:1212)
at org.testng.TestNG.runSuitesLocally(TestNG.java:1134)
at org.testng.TestNG.runSuites(TestNG.java:1063)
at org.testng.TestNG.run(TestNG.java:1031)
at org.testng.remote.AbstractRemoteTestNG.run(AbstractRemoteTestNG.java:115)
at org.testng.remote.RemoteTestNG.initAndRun(RemoteTestNG.java:251)
at org.testng.remote.RemoteTestNG.main(RemoteTestNG.java:77)
]]>
    </error>
  </testcase> <!-- PerformerTaskPerformOverdueStatutory -->
  <system-out/>
  <testcase classname="performer.OverdueCount" name="PerformerTaskPerformOverdueInternal" time="85.090"/>
  <system-out/>
  <testcase classname="performer.OverdueCount" name="PerformerTaskPerformRejectedStatutory" time="93.994"/>
  <system-out/>
  <testcase classname="performer.OverdueCount" name="PerformerTaskPerformRejectedInternal" time="83.496"/>
  <system-out/>
  <testcase classname="performer.OverdueCount" name="DailyUpdates" time="42.831"/>
  <system-out/>
  <testcase classname="performer.OverdueCount" name="NewsLetter" time="0.000">
    <skipped/>
  </testcase> <!-- NewsLetter -->
  <system-out/>
  <testcase classname="performer.OverdueCount" name="InternalMsg" time="0.000">
    <skipped/>
  </testcase> <!-- InternalMsg -->
  <system-out/>
  <testcase classname="performer.OverdueCount" name="SupportTicket" time="0.000">
    <skipped/>
  </testcase> <!-- SupportTicket -->
  <system-out/>
  <testcase classname="performer.OverdueCount" name="PenaltyUpdation" time="0.000">
    <skipped/>
  </testcase> <!-- PenaltyUpdation -->
  <system-out/>
  <testcase classname="performer.OverdueCount" name="MyEscalation" time="0.000">
    <skipped/>
  </testcase> <!-- MyEscalation -->
  <system-out/>
  <testcase classname="performer.OverdueCount" name="ActDocuments" time="0.000">
    <skipped/>
  </testcase> <!-- ActDocuments -->
  <system-out/>
  <testcase classname="performer.OverdueCount" name="EventReport" time="0.000">
    <skipped/>
  </testcase> <!-- EventReport -->
  <system-out/>
</testsuite> <!-- performer.OverdueCount -->
